2025-12-06 03:03:11,284 [INFO] Mini Render Queue started.
2025-12-06 03:03:11,284 [INFO] Watching directory: /home/ubuntu/mini-render-queue/jobs
2025-12-06 03:03:24,666 [INFO] Received signal 2, shutting down after current job...
2025-12-06 03:03:25,288 [INFO] Render Queue stopped cleanly. Goodbye!
2025-12-05 23:05:53,315 [INFO] Mini Render Queue started.
2025-12-05 23:05:53,532 [INFO] Watching directory: C:\Users\tecdo\Desktop\mini-render-queue\jobs
2025-12-05 23:05:53,545 [INFO] Queued job=unstable_job_example priority=5
2025-12-05 23:05:53,545 [INFO] Loaded job file: sample_job.json
2025-12-05 23:05:53,547 [INFO] [START] job=unstable_job_example command='bash -c 'echo sometimes failing; exit 1''
2025-12-05 23:05:53,718 [ERROR] [FAILED] job=unstable_job_example exit_code=1
stdout=sometimes failing

stderr=
2025-12-05 23:06:00,447 [INFO] Received signal 2, shutting down after current job...
2025-12-05 23:06:00,734 [INFO] Render Queue stopped cleanly. Goodbye!
2025-12-05 23:27:42,452 [INFO] Mini Render Queue started.
2025-12-05 23:27:42,471 [INFO] Watching directory: C:\Users\tecdo\Desktop\mini-render-queue\jobs
2025-12-05 23:27:54,426 [INFO] Received signal 2, shutting down after current job...
2025-12-05 23:27:54,501 [INFO] Render Queue stopped cleanly. Goodbye!
2025-12-05 23:28:12,922 [INFO] Mini Render Queue started.
2025-12-05 23:28:12,933 [INFO] Watching directory: C:\Users\tecdo\Desktop\mini-render-queue\jobs
2025-12-05 23:28:20,314 [INFO] Received signal 2, shutting down after current job...
2025-12-05 23:28:20,951 [INFO] Render Queue stopped cleanly. Goodbye!
